%!Adobe-FontList 1.19
%Locale:0x409

%BeginFont
Handler:DirectoryHandler
FontType:TrueType
FontName:HP-Speeding-Regular
FamilyName:HP-Speeding
StyleName:Regular
FullName:HP-Speeding
MenuName:HP-Speeding
StyleBits:0
WritingScript:Roman
OutlineFileName:D:\Chuong\Brochure tuyen sinh A4\Untitled-1 Folder\Document fonts\hspeed.ttf
DataFormat:sfntData
hasSVG:no
VariableFontType:NonVariableFont
FileLength:89756
FileModTime:1091121706
WeightClass:400
WidthClass:5
AngleClass:0
NameArray:0,Mac,4,HP-Speeding
NameArray:0,Win,1,HP-Speeding
%EndFont

