%!Adobe-FontList 1.14
%Locale:0x409

%BeginFont
Handler:DirectoryHandler
FontType:Type1
FontName:MyriadPro-Bold
FamilyName:Myriad Pro
StyleName:Bold
FullName:Myriad Pro Bold
MenuName:Myriad Pro
StyleBits:2
WritingScript:Roman
OutlineFileName:C:\Users\Admin\Desktop\ve de tai\ChiBi\Font\MyriadPro-Bold.otf
DataFormat:sfntData
UsesStandardEncoding:yes
isCFF:yes
FileLength:103472
FileModTime:1329281628
WeightClass:700
WidthClass:5
AngleClass:0
DesignSize:110
%EndFont

%BeginFont
Handler:DirectoryHandler
FontType:TrueType
FontName:EmbassyBT-Regular
FamilyName:Embassy BT
StyleName:Regular
FullName:Embassy BT
MenuName:Embassy BT
StyleBits:0
WritingScript:Roman
OutlineFileName:C:\Users\Admin\Desktop\ve de tai\ChiBi\Font\tt0588m_.ttf
DataFormat:sfntData
FileLength:62928
FileModTime:1330376860
WeightClass:400
WidthClass:5
AngleClass:0
%EndFont

